<?xml version="1.0" encoding="utf-8"?><testsuites name="pytest tests"><testsuite name="pytest" errors="0" failures="0" skipped="0" tests="15" time="8.300" timestamp="2026-04-01T17:21:18.201402+00:00" hostname="agent-env-5f250c87-3f92-413d-b411-e4c6d92a2353"><testcase classname="backend.tests.test_payment_booking.TestAuth" name="test_client_login" time="0.518" /><testcase classname="backend.tests.test_payment_booking.TestAuth" name="test_admin_login" time="0.426" /><testcase classname="backend.tests.test_payment_booking.TestAuth" name="test_invalid_login" time="0.128" /><testcase classname="backend.tests.test_payment_booking.TestNewspapers" name="test_get_newspapers" time="0.105" /><testcase classname="backend.tests.test_payment_booking.TestPaymentOrderCreation" name="test_create_order_success" time="1.300" /><testcase classname="backend.tests.test_payment_booking.TestPaymentOrderCreation" name="test_create_order_unauthorized" time="0.116" /><testcase classname="backend.tests.test_payment_booking.TestPaymentVerification" name="test_verify_payment_invalid_signature" time="0.741" /><testcase classname="backend.tests.test_payment_booking.TestBookingCreation" name="test_create_booking_success" time="0.664" /><testcase classname="backend.tests.test_payment_booking.TestBookingCreation" name="test_create_booking_invalid_category" time="0.702" /><testcase classname="backend.tests.test_payment_booking.TestBookingCreation" name="test_create_booking_invalid_adtype" time="0.652" /><testcase classname="backend.tests.test_payment_booking.TestPaymentUpdate" name="test_update_payment_status" time="0.759" /><testcase classname="backend.tests.test_payment_booking.TestEmailConfirmation" name="test_send_confirmation_email" time="0.406" /><testcase classname="backend.tests.test_payment_booking.TestMyBookings" name="test_get_my_bookings" time="0.559" /><testcase classname="backend.tests.test_payment_booking.TestAdminBookings" name="test_get_all_bookings" time="0.505" /><testcase classname="backend.tests.test_payment_booking.TestAdminBookings" name="test_get_revenue_stats" time="0.531" /></testsuite></testsuites>