<?xml version="1.0" encoding="utf-8"?><testsuites name="pytest tests"><testsuite name="pytest" errors="0" failures="0" skipped="0" tests="10" time="2.712" timestamp="2026-04-01T17:42:48.291467+00:00" hostname="agent-env-5f250c87-3f92-413d-b411-e4c6d92a2353"><testcase classname="backend.tests.test_stripe_payment.TestStripePaymentFlow" name="test_api_health" time="0.164" /><testcase classname="backend.tests.test_stripe_payment.TestStripePaymentFlow" name="test_create_checkout_success" time="0.850" /><testcase classname="backend.tests.test_stripe_payment.TestStripePaymentFlow" name="test_create_checkout_without_auth" time="0.139" /><testcase classname="backend.tests.test_stripe_payment.TestStripePaymentFlow" name="test_create_checkout_missing_price" time="0.107" /><testcase classname="backend.tests.test_stripe_payment.TestStripePaymentFlow" name="test_create_checkout_invalid_price" time="0.139" /><testcase classname="backend.tests.test_stripe_payment.TestStripePaymentFlow" name="test_checkout_status_valid_session" time="0.705" /><testcase classname="backend.tests.test_stripe_payment.TestStripePaymentFlow" name="test_checkout_status_invalid_session" time="0.212" /><testcase classname="backend.tests.test_stripe_payment.TestStripePaymentFlow" name="test_checkout_status_without_auth" time="0.105" /><testcase classname="backend.tests.test_stripe_payment.TestBookingFlowPrerequisites" name="test_get_newspapers" time="0.109" /><testcase classname="backend.tests.test_stripe_payment.TestBookingFlowPrerequisites" name="test_get_ads_categories" time="0.104" /></testsuite></testsuites>